<?xml version="1.0" encoding="UTF-8"?>
<testsuite name="com.fharris.cloudnativebasic.controllers.HelloControllerIntegrationTest" tests="2" skipped="0" failures="0" errors="0" timestamp="2022-10-10T15:03:26" hostname="fernandoharris-mac" time="0.215">
  <properties/>
  <testcase name="testHelloWithoutName()" classname="com.fharris.cloudnativebasic.controllers.HelloControllerIntegrationTest" time="0.21"/>
  <testcase name="testHelloWithName()" classname="com.fharris.cloudnativebasic.controllers.HelloControllerIntegrationTest" time="0.004"/>
  <system-out><![CDATA[2022-10-10 17:03:26.569  INFO 37889 --- [    Test worker] .b.t.a.w.s.WebMvcTestContextBootstrapper : Neither @ContextConfiguration nor @ContextHierarchy found for test class [com.fharris.cloudnativebasic.controllers.HelloControllerIntegrationTest], using SpringBootContextLoader
2022-10-10 17:03:26.569  INFO 37889 --- [    Test worker] o.s.t.c.support.AbstractContextLoader    : Could not detect default resource locations for test class [com.fharris.cloudnativebasic.controllers.HelloControllerIntegrationTest]: no resource found for suffixes {-context.xml, Context.groovy}.
2022-10-10 17:03:26.569  INFO 37889 --- [    Test worker] t.c.s.AnnotationConfigContextLoaderUtils : Could not detect default configuration classes for test class [com.fharris.cloudnativebasic.controllers.HelloControllerIntegrationTest]: HelloControllerIntegrationTest does not declare any static, non-private, non-final, nested classes annotated with @Configuration.
2022-10-10 17:03:26.575  INFO 37889 --- [    Test worker] .b.t.c.SpringBootTestContextBootstrapper : Found @SpringBootConfiguration com.fharris.cloudnativebasic.CloudnativebasicApplication for test class com.fharris.cloudnativebasic.controllers.HelloControllerIntegrationTest
2022-10-10 17:03:26.575  INFO 37889 --- [    Test worker] .b.t.a.w.s.WebMvcTestContextBootstrapper : Loaded default TestExecutionListener class names from location [META-INF/spring.factories]: [org.springframework.boot.test.autoconfigure.restdocs.RestDocsTestExecutionListener, org.springframework.boot.test.autoconfigure.web.client.MockRestServiceServerResetTestExecutionListener, org.springframework.boot.test.autoconfigure.web.servlet.MockMvcPrintOnlyOnFailureTestExecutionListener, org.springframework.boot.test.autoconfigure.web.servlet.WebDriverTestExecutionListener, org.springframework.boot.test.autoconfigure.webservices.client.MockWebServiceServerTestExecutionListener, org.springframework.boot.test.mock.mockito.MockitoTestExecutionListener, org.springframework.boot.test.mock.mockito.ResetMocksTestExecutionListener, org.springframework.test.context.web.ServletTestExecutionListener, org.springframework.test.context.support.DirtiesContextBeforeModesTestExecutionListener, org.springframework.test.context.support.DependencyInjectionTestExecutionListener, org.springframework.test.context.support.DirtiesContextTestExecutionListener, org.springframework.test.context.transaction.TransactionalTestExecutionListener, org.springframework.test.context.jdbc.SqlScriptsTestExecutionListener, org.springframework.test.context.event.EventPublishingTestExecutionListener]
2022-10-10 17:03:26.576  INFO 37889 --- [    Test worker] .b.t.a.w.s.WebMvcTestContextBootstrapper : Using TestExecutionListeners: [org.springframework.test.context.web.ServletTestExecutionListener@54d28f08, org.springframework.test.context.support.DirtiesContextBeforeModesTestExecutionListener@1340c451, org.springframework.boot.test.mock.mockito.MockitoTestExecutionListener@25a025b0, org.springframework.boot.test.autoconfigure.SpringBootDependencyInjectionTestExecutionListener@15743bae, org.springframework.test.context.support.DirtiesContextTestExecutionListener@559e5cc7, org.springframework.test.context.event.EventPublishingTestExecutionListener@40e97869, org.springframework.boot.test.autoconfigure.restdocs.RestDocsTestExecutionListener@64405861, org.springframework.boot.test.autoconfigure.web.client.MockRestServiceServerResetTestExecutionListener@505db60c, org.springframework.boot.test.autoconfigure.web.servlet.MockMvcPrintOnlyOnFailureTestExecutionListener@7782b0a4, org.springframework.boot.test.autoconfigure.web.servlet.WebDriverTestExecutionListener@7ca3a40d, org.springframework.boot.test.autoconfigure.webservices.client.MockWebServiceServerTestExecutionListener@1a4678a8, org.springframework.boot.test.mock.mockito.ResetMocksTestExecutionListener@2796403a]

  .   ____          _            __ _ _
 /\\ / ___'_ __ _ _(_)_ __  __ _ \ \ \ \
( ( )\___ | '_ | '_| | '_ \/ _` | \ \ \ \
 \\/  ___)| |_)| | | | | || (_| |  ) ) ) )
  '  |____| .__|_| |_|_| |_\__, | / / / /
 =========|_|==============|___/=/_/_/_/
 :: Spring Boot ::        (v2.3.4.RELEASE)

2022-10-10 17:03:26.591  INFO 37889 --- [    Test worker] c.f.c.c.HelloControllerIntegrationTest   : Starting HelloControllerIntegrationTest on fernandoharris-mac with PID 37889 (started by fernandoharris in /Users/fernandoharris/spring-boot-learning-workspace/cloudnativebasic)
2022-10-10 17:03:26.591  INFO 37889 --- [    Test worker] c.f.c.c.HelloControllerIntegrationTest   : No active profile set, falling back to default profiles: default
2022-10-10 17:03:26.711  INFO 37889 --- [    Test worker] o.s.s.concurrent.ThreadPoolTaskExecutor  : Initializing ExecutorService 'applicationTaskExecutor'
2022-10-10 17:03:26.725  INFO 37889 --- [    Test worker] o.s.b.a.w.s.WelcomePageHandlerMapping    : Adding welcome page: class path resource [static/index.html]
2022-10-10 17:03:26.781  INFO 37889 --- [    Test worker] o.s.b.t.m.w.SpringBootMockServletContext : Initializing Spring TestDispatcherServlet ''
2022-10-10 17:03:26.781  INFO 37889 --- [    Test worker] o.s.t.web.servlet.TestDispatcherServlet  : Initializing Servlet ''
2022-10-10 17:03:26.782  INFO 37889 --- [    Test worker] o.s.t.web.servlet.TestDispatcherServlet  : Completed initialization in 1 ms
2022-10-10 17:03:26.790  INFO 37889 --- [    Test worker] c.f.c.c.HelloControllerIntegrationTest   : Started HelloControllerIntegrationTest in 0.212 seconds (JVM running for 3.371)
My ip is 0.0.0.0
My hostname is 0.0.0.0
My ip is 0.0.0.0
My hostname is 0.0.0.0
]]></system-out>
  <system-err><![CDATA[]]></system-err>
</testsuite>
