<?xml version="1.0" encoding="UTF-8"?>
<testsuite name="com.fharris.cloudnativebasic.controllers.HelloRestControllerTests" tests="2" skipped="0" failures="0" errors="0" timestamp="2022-10-10T15:09:49" hostname="fernandoharris-mac" time="0.147">
  <properties/>
  <testcase name="greetWithoutName()" classname="com.fharris.cloudnativebasic.controllers.HelloRestControllerTests" time="0.142"/>
  <testcase name="greetWithName()" classname="com.fharris.cloudnativebasic.controllers.HelloRestControllerTests" time="0.005"/>
  <system-out><![CDATA[2022-10-10 17:09:48.748  INFO 38809 --- [    Test worker] .b.t.c.SpringBootTestContextBootstrapper : Neither @ContextConfiguration nor @ContextHierarchy found for test class [com.fharris.cloudnativebasic.controllers.HelloRestControllerTests], using SpringBootContextLoader
2022-10-10 17:09:48.749  INFO 38809 --- [    Test worker] o.s.t.c.support.AbstractContextLoader    : Could not detect default resource locations for test class [com.fharris.cloudnativebasic.controllers.HelloRestControllerTests]: no resource found for suffixes {-context.xml, Context.groovy}.
2022-10-10 17:09:48.749  INFO 38809 --- [    Test worker] t.c.s.AnnotationConfigContextLoaderUtils : Could not detect default configuration classes for test class [com.fharris.cloudnativebasic.controllers.HelloRestControllerTests]: HelloRestControllerTests does not declare any static, non-private, non-final, nested classes annotated with @Configuration.
2022-10-10 17:09:48.755  INFO 38809 --- [    Test worker] .b.t.c.SpringBootTestContextBootstrapper : Found @SpringBootConfiguration com.fharris.cloudnativebasic.CloudnativebasicApplication for test class com.fharris.cloudnativebasic.controllers.HelloRestControllerTests
2022-10-10 17:09:48.756  INFO 38809 --- [    Test worker] .b.t.c.SpringBootTestContextBootstrapper : Loaded default TestExecutionListener class names from location [META-INF/spring.factories]: [org.springframework.boot.test.autoconfigure.restdocs.RestDocsTestExecutionListener, org.springframework.boot.test.autoconfigure.web.client.MockRestServiceServerResetTestExecutionListener, org.springframework.boot.test.autoconfigure.web.servlet.MockMvcPrintOnlyOnFailureTestExecutionListener, org.springframework.boot.test.autoconfigure.web.servlet.WebDriverTestExecutionListener, org.springframework.boot.test.autoconfigure.webservices.client.MockWebServiceServerTestExecutionListener, org.springframework.boot.test.mock.mockito.MockitoTestExecutionListener, org.springframework.boot.test.mock.mockito.ResetMocksTestExecutionListener, org.springframework.test.context.web.ServletTestExecutionListener, org.springframework.test.context.support.DirtiesContextBeforeModesTestExecutionListener, org.springframework.test.context.support.DependencyInjectionTestExecutionListener, org.springframework.test.context.support.DirtiesContextTestExecutionListener, org.springframework.test.context.transaction.TransactionalTestExecutionListener, org.springframework.test.context.jdbc.SqlScriptsTestExecutionListener, org.springframework.test.context.event.EventPublishingTestExecutionListener]
2022-10-10 17:09:48.757  INFO 38809 --- [    Test worker] .b.t.c.SpringBootTestContextBootstrapper : Using TestExecutionListeners: [org.springframework.test.context.web.ServletTestExecutionListener@6593477f, org.springframework.test.context.support.DirtiesContextBeforeModesTestExecutionListener@7c08978f, org.springframework.boot.test.mock.mockito.MockitoTestExecutionListener@54cb1fc1, org.springframework.boot.test.autoconfigure.SpringBootDependencyInjectionTestExecutionListener@fe954a2, org.springframework.test.context.support.DirtiesContextTestExecutionListener@703e529f, org.springframework.test.context.event.EventPublishingTestExecutionListener@483217f8, org.springframework.boot.test.autoconfigure.restdocs.RestDocsTestExecutionListener@440b3c28, org.springframework.boot.test.autoconfigure.web.client.MockRestServiceServerResetTestExecutionListener@1823c4f, org.springframework.boot.test.autoconfigure.web.servlet.MockMvcPrintOnlyOnFailureTestExecutionListener@32a2c4a, org.springframework.boot.test.autoconfigure.web.servlet.WebDriverTestExecutionListener@5b7f6600, org.springframework.boot.test.autoconfigure.webservices.client.MockWebServiceServerTestExecutionListener@4688fb3b, org.springframework.boot.test.mock.mockito.ResetMocksTestExecutionListener@5678d7e1]

  .   ____          _            __ _ _
 /\\ / ___'_ __ _ _(_)_ __  __ _ \ \ \ \
( ( )\___ | '_ | '_| | '_ \/ _` | \ \ \ \
 \\/  ___)| |_)| | | | | || (_| |  ) ) ) )
  '  |____| .__|_| |_|_| |_\__, | / / / /
 =========|_|==============|___/=/_/_/_/
 :: Spring Boot ::        (v2.3.4.RELEASE)

2022-10-10 17:09:48.774  INFO 38809 --- [    Test worker] c.f.c.c.HelloRestControllerTests         : Starting HelloRestControllerTests on fernandoharris-mac with PID 38809 (started by fernandoharris in /Users/fernandoharris/spring-boot-learning-workspace/cloudnativebasic)
2022-10-10 17:09:48.774  INFO 38809 --- [    Test worker] c.f.c.c.HelloRestControllerTests         : No active profile set, falling back to default profiles: default
2022-10-10 17:09:49.009  INFO 38809 --- [    Test worker] o.s.b.w.embedded.tomcat.TomcatWebServer  : Tomcat initialized with port(s): 0 (http)
2022-10-10 17:09:49.017  INFO 38809 --- [    Test worker] o.apache.catalina.core.StandardService   : Starting service [Tomcat]
2022-10-10 17:09:49.017  INFO 38809 --- [    Test worker] org.apache.catalina.core.StandardEngine  : Starting Servlet engine: [Apache Tomcat/9.0.38]
2022-10-10 17:09:49.122  INFO 38809 --- [    Test worker] o.a.c.c.C.[Tomcat].[localhost].[/]       : Initializing Spring embedded WebApplicationContext
2022-10-10 17:09:49.122  INFO 38809 --- [    Test worker] w.s.c.ServletWebServerApplicationContext : Root WebApplicationContext: initialization completed in 346 ms
2022-10-10 17:09:49.248  INFO 38809 --- [    Test worker] o.s.s.concurrent.ThreadPoolTaskExecutor  : Initializing ExecutorService 'applicationTaskExecutor'
2022-10-10 17:09:49.266  INFO 38809 --- [    Test worker] o.s.b.a.w.s.WelcomePageHandlerMapping    : Adding welcome page: class path resource [static/index.html]
2022-10-10 17:09:49.361  INFO 38809 --- [    Test worker] o.s.b.w.embedded.tomcat.TomcatWebServer  : Tomcat started on port(s): 52304 (http) with context path ''
2022-10-10 17:09:49.363  INFO 38809 --- [    Test worker] c.f.c.c.HelloRestControllerTests         : Started HelloRestControllerTests in 0.605 seconds (JVM running for 3.015)
2022-10-10 17:09:49.449  INFO 38809 --- [o-auto-1-exec-1] o.a.c.c.C.[Tomcat].[localhost].[/]       : Initializing Spring DispatcherServlet 'dispatcherServlet'
2022-10-10 17:09:49.449  INFO 38809 --- [o-auto-1-exec-1] o.s.web.servlet.DispatcherServlet        : Initializing Servlet 'dispatcherServlet'
2022-10-10 17:09:49.459  INFO 38809 --- [o-auto-1-exec-1] o.s.web.servlet.DispatcherServlet        : Completed initialization in 10 ms
]]></system-out>
  <system-err><![CDATA[]]></system-err>
</testsuite>
