<?xml version="1.0" encoding="UTF-8"?>
<testsuite name="com.fharris.cloudnativebasic.controllers.HelloRestControllerTests" tests="2" skipped="0" failures="0" errors="0" timestamp="2022-10-10T15:03:26" hostname="fernandoharris-mac" time="0.141">
  <properties/>
  <testcase name="greetWithoutName()" classname="com.fharris.cloudnativebasic.controllers.HelloRestControllerTests" time="0.135"/>
  <testcase name="greetWithName()" classname="com.fharris.cloudnativebasic.controllers.HelloRestControllerTests" time="0.005"/>
  <system-out><![CDATA[2022-10-10 17:03:25.830  INFO 37889 --- [    Test worker] .b.t.c.SpringBootTestContextBootstrapper : Neither @ContextConfiguration nor @ContextHierarchy found for test class [com.fharris.cloudnativebasic.controllers.HelloRestControllerTests], using SpringBootContextLoader
2022-10-10 17:03:25.831  INFO 37889 --- [    Test worker] o.s.t.c.support.AbstractContextLoader    : Could not detect default resource locations for test class [com.fharris.cloudnativebasic.controllers.HelloRestControllerTests]: no resource found for suffixes {-context.xml, Context.groovy}.
2022-10-10 17:03:25.831  INFO 37889 --- [    Test worker] t.c.s.AnnotationConfigContextLoaderUtils : Could not detect default configuration classes for test class [com.fharris.cloudnativebasic.controllers.HelloRestControllerTests]: HelloRestControllerTests does not declare any static, non-private, non-final, nested classes annotated with @Configuration.
2022-10-10 17:03:25.837  INFO 37889 --- [    Test worker] .b.t.c.SpringBootTestContextBootstrapper : Found @SpringBootConfiguration com.fharris.cloudnativebasic.CloudnativebasicApplication for test class com.fharris.cloudnativebasic.controllers.HelloRestControllerTests
2022-10-10 17:03:25.838  INFO 37889 --- [    Test worker] .b.t.c.SpringBootTestContextBootstrapper : Loaded default TestExecutionListener class names from location [META-INF/spring.factories]: [org.springframework.boot.test.autoconfigure.restdocs.RestDocsTestExecutionListener, org.springframework.boot.test.autoconfigure.web.client.MockRestServiceServerResetTestExecutionListener, org.springframework.boot.test.autoconfigure.web.servlet.MockMvcPrintOnlyOnFailureTestExecutionListener, org.springframework.boot.test.autoconfigure.web.servlet.WebDriverTestExecutionListener, org.springframework.boot.test.autoconfigure.webservices.client.MockWebServiceServerTestExecutionListener, org.springframework.boot.test.mock.mockito.MockitoTestExecutionListener, org.springframework.boot.test.mock.mockito.ResetMocksTestExecutionListener, org.springframework.test.context.web.ServletTestExecutionListener, org.springframework.test.context.support.DirtiesContextBeforeModesTestExecutionListener, org.springframework.test.context.support.DependencyInjectionTestExecutionListener, org.springframework.test.context.support.DirtiesContextTestExecutionListener, org.springframework.test.context.transaction.TransactionalTestExecutionListener, org.springframework.test.context.jdbc.SqlScriptsTestExecutionListener, org.springframework.test.context.event.EventPublishingTestExecutionListener]
2022-10-10 17:03:25.839  INFO 37889 --- [    Test worker] .b.t.c.SpringBootTestContextBootstrapper : Using TestExecutionListeners: [org.springframework.test.context.web.ServletTestExecutionListener@5fe12193, org.springframework.test.context.support.DirtiesContextBeforeModesTestExecutionListener@672f2606, org.springframework.boot.test.mock.mockito.MockitoTestExecutionListener@48402dc5, org.springframework.boot.test.autoconfigure.SpringBootDependencyInjectionTestExecutionListener@426fe51f, org.springframework.test.context.support.DirtiesContextTestExecutionListener@14d4a978, org.springframework.test.context.event.EventPublishingTestExecutionListener@ad5b2f2, org.springframework.boot.test.autoconfigure.restdocs.RestDocsTestExecutionListener@43328868, org.springframework.boot.test.autoconfigure.web.client.MockRestServiceServerResetTestExecutionListener@7ec8da0c, org.springframework.boot.test.autoconfigure.web.servlet.MockMvcPrintOnlyOnFailureTestExecutionListener@4f6633c4, org.springframework.boot.test.autoconfigure.web.servlet.WebDriverTestExecutionListener@68034af8, org.springframework.boot.test.autoconfigure.webservices.client.MockWebServiceServerTestExecutionListener@3fa5ee58, org.springframework.boot.test.mock.mockito.ResetMocksTestExecutionListener@7054b1a]

  .   ____          _            __ _ _
 /\\ / ___'_ __ _ _(_)_ __  __ _ \ \ \ \
( ( )\___ | '_ | '_| | '_ \/ _` | \ \ \ \
 \\/  ___)| |_)| | | | | || (_| |  ) ) ) )
  '  |____| .__|_| |_|_| |_\__, | / / / /
 =========|_|==============|___/=/_/_/_/
 :: Spring Boot ::        (v2.3.4.RELEASE)

2022-10-10 17:03:25.855  INFO 37889 --- [    Test worker] c.f.c.c.HelloRestControllerTests         : Starting HelloRestControllerTests on fernandoharris-mac with PID 37889 (started by fernandoharris in /Users/fernandoharris/spring-boot-learning-workspace/cloudnativebasic)
2022-10-10 17:03:25.856  INFO 37889 --- [    Test worker] c.f.c.c.HelloRestControllerTests         : No active profile set, falling back to default profiles: default
2022-10-10 17:03:26.089  INFO 37889 --- [    Test worker] o.s.b.w.embedded.tomcat.TomcatWebServer  : Tomcat initialized with port(s): 0 (http)
2022-10-10 17:03:26.111  INFO 37889 --- [    Test worker] o.apache.catalina.core.StandardService   : Starting service [Tomcat]
2022-10-10 17:03:26.112  INFO 37889 --- [    Test worker] org.apache.catalina.core.StandardEngine  : Starting Servlet engine: [Apache Tomcat/9.0.38]
2022-10-10 17:03:26.179  INFO 37889 --- [    Test worker] o.a.c.c.C.[Tomcat].[localhost].[/]       : Initializing Spring embedded WebApplicationContext
2022-10-10 17:03:26.180  INFO 37889 --- [    Test worker] w.s.c.ServletWebServerApplicationContext : Root WebApplicationContext: initialization completed in 323 ms
2022-10-10 17:03:26.311  INFO 37889 --- [    Test worker] o.s.s.concurrent.ThreadPoolTaskExecutor  : Initializing ExecutorService 'applicationTaskExecutor'
2022-10-10 17:03:26.326  INFO 37889 --- [    Test worker] o.s.b.a.w.s.WelcomePageHandlerMapping    : Adding welcome page: class path resource [static/index.html]
2022-10-10 17:03:26.420  INFO 37889 --- [    Test worker] o.s.b.w.embedded.tomcat.TomcatWebServer  : Tomcat started on port(s): 52177 (http) with context path ''
2022-10-10 17:03:26.423  INFO 37889 --- [    Test worker] c.f.c.c.HelloRestControllerTests         : Started HelloRestControllerTests in 0.582 seconds (JVM running for 3.004)
2022-10-10 17:03:26.508  INFO 37889 --- [o-auto-1-exec-1] o.a.c.c.C.[Tomcat].[localhost].[/]       : Initializing Spring DispatcherServlet 'dispatcherServlet'
2022-10-10 17:03:26.508  INFO 37889 --- [o-auto-1-exec-1] o.s.web.servlet.DispatcherServlet        : Initializing Servlet 'dispatcherServlet'
2022-10-10 17:03:26.519  INFO 37889 --- [o-auto-1-exec-1] o.s.web.servlet.DispatcherServlet        : Completed initialization in 11 ms
]]></system-out>
  <system-err><![CDATA[]]></system-err>
</testsuite>
